  Airplane.cpp
G:\Projects\Programming\UVT\Practice Stage\GraphicsEngine\GLUT\GLUT\Airplane.cpp(1,10): warning C4067: unexpected tokens following preprocessor directive - expected a newline
  Line.cpp
G:\Projects\Programming\UVT\Practice Stage\GraphicsEngine\GLUT\GLUT\Line.cpp(2,10): warning C4067: unexpected tokens following preprocessor directive - expected a newline
G:\Projects\Programming\UVT\Practice Stage\GraphicsEngine\GLUT\GLUT\Line.cpp(33,75): warning C4244: 'argument': conversion from 'double' to 'int', possible loss of data
G:\Projects\Programming\UVT\Practice Stage\GraphicsEngine\GLUT\GLUT\Line.cpp(33,60): warning C4244: 'argument': conversion from 'double' to 'int', possible loss of data
G:\Projects\Programming\UVT\Practice Stage\GraphicsEngine\GLUT\GLUT\Line.cpp(33,45): warning C4244: 'argument': conversion from 'double' to 'int', possible loss of data
G:\Projects\Programming\UVT\Practice Stage\GraphicsEngine\GLUT\GLUT\Line.cpp(33,31): warning C4244: 'argument': conversion from 'double' to 'int', possible loss of data
  Point.cpp
G:\Projects\Programming\UVT\Practice Stage\GraphicsEngine\GLUT\GLUT\Point.cpp(2,10): warning C4067: unexpected tokens following preprocessor directive - expected a newline
G:\Projects\Programming\UVT\Practice Stage\GraphicsEngine\GLUT\GLUT\Point.cpp(25,35): warning C4244: 'argument': conversion from 'double' to 'int', possible loss of data
G:\Projects\Programming\UVT\Practice Stage\GraphicsEngine\GLUT\GLUT\Point.cpp(25,26): warning C4244: 'argument': conversion from 'double' to 'int', possible loss of data
  Rectangle.cpp
G:\Projects\Programming\UVT\Practice Stage\GraphicsEngine\GLUT\GLUT\Rectangle.cpp(1,10): warning C4067: unexpected tokens following preprocessor directive - expected a newline
G:\Projects\Programming\UVT\Practice Stage\GraphicsEngine\GLUT\GLUT\Rectangle.cpp(42,110): warning C4244: 'argument': conversion from 'double' to 'int', possible loss of data
G:\Projects\Programming\UVT\Practice Stage\GraphicsEngine\GLUT\GLUT\Rectangle.cpp(42,96): warning C4244: 'argument': conversion from 'double' to 'int', possible loss of data
G:\Projects\Programming\UVT\Practice Stage\GraphicsEngine\GLUT\GLUT\Rectangle.cpp(42,82): warning C4244: 'argument': conversion from 'double' to 'int', possible loss of data
G:\Projects\Programming\UVT\Practice Stage\GraphicsEngine\GLUT\GLUT\Rectangle.cpp(42,67): warning C4244: 'argument': conversion from 'double' to 'int', possible loss of data
G:\Projects\Programming\UVT\Practice Stage\GraphicsEngine\GLUT\GLUT\Rectangle.cpp(42,52): warning C4244: 'argument': conversion from 'double' to 'int', possible loss of data
G:\Projects\Programming\UVT\Practice Stage\GraphicsEngine\GLUT\GLUT\Rectangle.cpp(42,38): warning C4244: 'argument': conversion from 'double' to 'int', possible loss of data
G:\Projects\Programming\UVT\Practice Stage\GraphicsEngine\GLUT\GLUT\Rectangle.cpp(43,112): warning C4244: 'argument': conversion from 'double' to 'int', possible loss of data
G:\Projects\Programming\UVT\Practice Stage\GraphicsEngine\GLUT\GLUT\Rectangle.cpp(43,98): warning C4244: 'argument': conversion from 'double' to 'int', possible loss of data
G:\Projects\Programming\UVT\Practice Stage\GraphicsEngine\GLUT\GLUT\Rectangle.cpp(43,84): warning C4244: 'argument': conversion from 'double' to 'int', possible loss of data
G:\Projects\Programming\UVT\Practice Stage\GraphicsEngine\GLUT\GLUT\Rectangle.cpp(43,69): warning C4244: 'argument': conversion from 'double' to 'int', possible loss of data
G:\Projects\Programming\UVT\Practice Stage\GraphicsEngine\GLUT\GLUT\Rectangle.cpp(43,54): warning C4244: 'argument': conversion from 'double' to 'int', possible loss of data
G:\Projects\Programming\UVT\Practice Stage\GraphicsEngine\GLUT\GLUT\Rectangle.cpp(43,39): warning C4244: 'argument': conversion from 'double' to 'int', possible loss of data
  Triangle.cpp
G:\Projects\Programming\UVT\Practice Stage\GraphicsEngine\GLUT\GLUT\Triangle.cpp(1,10): warning C4067: unexpected tokens following preprocessor directive - expected a newline
G:\Projects\Programming\UVT\Practice Stage\GraphicsEngine\GLUT\GLUT\Triangle.cpp(39,110): warning C4244: 'argument': conversion from 'double' to 'int', possible loss of data
G:\Projects\Programming\UVT\Practice Stage\GraphicsEngine\GLUT\GLUT\Triangle.cpp(39,96): warning C4244: 'argument': conversion from 'double' to 'int', possible loss of data
G:\Projects\Programming\UVT\Practice Stage\GraphicsEngine\GLUT\GLUT\Triangle.cpp(39,82): warning C4244: 'argument': conversion from 'double' to 'int', possible loss of data
G:\Projects\Programming\UVT\Practice Stage\GraphicsEngine\GLUT\GLUT\Triangle.cpp(39,67): warning C4244: 'argument': conversion from 'double' to 'int', possible loss of data
G:\Projects\Programming\UVT\Practice Stage\GraphicsEngine\GLUT\GLUT\Triangle.cpp(39,52): warning C4244: 'argument': conversion from 'double' to 'int', possible loss of data
G:\Projects\Programming\UVT\Practice Stage\GraphicsEngine\GLUT\GLUT\Triangle.cpp(39,38): warning C4244: 'argument': conversion from 'double' to 'int', possible loss of data
  main.cpp
G:\Projects\Programming\UVT\Practice Stage\GraphicsEngine\GLUT\GLUT\main.cpp(21,10): warning C4244: 'initializing': conversion from 'double' to 'float', possible loss of data
G:\Projects\Programming\UVT\Practice Stage\GraphicsEngine\GLUT\GLUT\main.cpp(22,17): warning C4244: 'argument': conversion from 'float' to 'int', possible loss of data
G:\Projects\Programming\UVT\Practice Stage\GraphicsEngine\GLUT\GLUT\main.cpp(22,14): warning C4244: 'argument': conversion from 'float' to 'int', possible loss of data
  Generating Code...
  LINK : G:\Projects\Programming\UVT\Practice Stage\GraphicsEngine\GLUT\x64\Debug\GLUT.exe not found or not built by the last incremental link; performing full link
  GLUT.vcxproj -> G:\Projects\Programming\UVT\Practice Stage\GraphicsEngine\GLUT\x64\Debug\GLUT.exe
